# JRE version: OpenJDK Runtime Environment (11.0.10) (build 11.0.10+0-b96-7249189)
# Java VM: OpenJDK 64-Bit Server VM (11.0.10+0-b96-7249189, mixed mode, tiered, compressed oops, g1 gc, windows-amd64)
Heap:
 garbage-first heap   total 445440K, used 275927K [0x0000000080000000, 0x0000000100000000)
  region size 1024K, 25 young (25600K), 3 survivors (3072K)
 Metaspace       used 146297K, capacity 150125K, committed 150476K, reserved 1179648K
  class space    used 17828K, capacity 19311K, committed 19404K, reserved 1048576K
GC Heap History (20 events):
Event: 179.430 GC heap before
{Heap before GC invocations=83 (full 0):
 garbage-first heap   total 445440K, used 249843K [0x0000000080000000, 0x0000000100000000)
  region size 1024K, 69 young (70656K), 3 survivors (3072K)
 Metaspace       used 144796K, capacity 148582K, committed 148684K, reserved 1179648K
  class space    used 17691K, capacity 19127K, committed 19148K, reserved 1048576K
}
Event: 179.446 GC heap after
{Heap after GC invocations=84 (full 0):
 garbage-first heap   total 445440K, used 187904K [0x0000000080000000, 0x0000000100000000)
  region size 1024K, 9 young (9216K), 9 survivors (9216K)
 Metaspace       used 144796K, capacity 148582K, committed 148684K, reserved 1179648K
  class space    used 17691K, capacity 19127K, committed 19148K, reserved 1048576K
}
Event: 179.540 GC heap before
{Heap before GC invocations=84 (full 0):
 garbage-first heap   total 445440K, used 199168K [0x0000000080000000, 0x0000000100000000)
  region size 1024K, 21 young (21504K), 9 survivors (9216K)
 Metaspace       used 144810K, capacity 148584K, committed 148684K, reserved 1179648K
  class space    used 17691K, capacity 19127K, committed 19148K, reserved 1048576K
}
Event: 179.560 GC heap after
{Heap after GC invocations=85 (full 0):
 garbage-first heap   total 445440K, used 145760K [0x0000000080000000, 0x0000000100000000)
  region size 1024K, 3 young (3072K), 3 survivors (3072K)
 Metaspace       used 144810K, capacity 148584K, committed 148684K, reserved 1179648K
  class space    used 17691K, capacity 19127K, committed 19148K, reserved 1048576K
}
Event: 179.666 GC heap before
{Heap before GC invocations=85 (full 0):
 garbage-first heap   total 445440K, used 163168K [0x0000000080000000, 0x0000000100000000)
  region size 1024K, 21 young (21504K), 3 survivors (3072K)
 Metaspace       used 144814K, capacity 148585K, committed 148684K, reserved 1179648K
  class space    used 17692K, capacity 19127K, committed 19148K, reserved 1048576K
}
Event: 179.684 GC heap after
{Heap after GC invocations=86 (full 0):
 garbage-first heap   total 445440K, used 150227K [0x0000000080000000, 0x0000000100000000)
  region size 1024K, 3 young (3072K), 3 survivors (3072K)
 Metaspace       used 144814K, capacity 148585K, committed 148684K, reserved 1179648K
  class space    used 17692K, capacity 19127K, committed 19148K, reserved 1048576K
}
Event: 180.892 GC heap before
{Heap before GC invocations=86 (full 0):
 garbage-first heap   total 445440K, used 282323K [0x0000000080000000, 0x0000000100000000)
  region size 1024K, 133 young (136192K), 3 survivors (3072K)
 Metaspace       used 146266K, capacity 150100K, committed 150220K, reserved 1179648K
  class space    used 17834K, capacity 19324K, committed 19404K, reserved 1048576K
}
Event: 180.924 GC heap after
{Heap after GC invocations=87 (full 0):
 garbage-first heap   total 445440K, used 164825K [0x0000000080000000, 0x0000000100000000)
  region size 1024K, 17 young (17408K), 17 survivors (17408K)
 Metaspace       used 146266K, capacity 150100K, committed 150220K, reserved 1179648K
  class space    used 17834K, capacity 19324K, committed 19404K, reserved 1048576K
}
Event: 180.946 GC heap before
{Heap before GC invocations=87 (full 0):
 garbage-first heap   total 445440K, used 167897K [0x0000000080000000, 0x0000000100000000)
  region size 1024K, 21 young (21504K), 17 survivors (17408K)
 Metaspace       used 146266K, capacity 150100K, committed 150220K, reserved 1179648K
  class space    used 17834K, capacity 19324K, committed 19404K, reserved 1048576K
}
Event: 180.980 GC heap after
{Heap after GC invocations=88 (full 0):
 garbage-first heap   total 445440K, used 166612K [0x0000000080000000, 0x0000000100000000)
  region size 1024K, 2 young (2048K), 2 survivors (2048K)
 Metaspace       used 146266K, capacity 150100K, committed 150220K, reserved 1179648K
  class space    used 17834K, capacity 19324K, committed 19404K, reserved 1048576K
}
Event: 183.242 GC heap before
{Heap before GC invocations=89 (full 0):
 garbage-first heap   total 445440K, used 312020K [0x0000000080000000, 0x0000000100000000)
  region size 1024K, 107 young (109568K), 2 survivors (2048K)
 Metaspace       used 146283K, capacity 150120K, committed 150476K, reserved 1179648K
  class space    used 17828K, capacity 19311K, committed 19404K, reserved 1048576K
}
Event: 183.345 GC heap after
{Heap after GC invocations=90 (full 0):
 garbage-first heap   total 445440K, used 228864K [0x0000000080000000, 0x0000000100000000)
  region size 1024K, 14 young (14336K), 14 survivors (14336K)
 Metaspace       used 146283K, capacity 150120K, committed 150476K, reserved 1179648K
  class space    used 17828K, capacity 19311K, committed 19404K, reserved 1048576K
}
Event: 183.412 GC heap before
{Heap before GC invocations=90 (full 0):
 garbage-first heap   total 445440K, used 236032K [0x0000000080000000, 0x0000000100000000)
  region size 1024K, 21 young (21504K), 14 survivors (14336K)
 Metaspace       used 146283K, capacity 150120K, committed 150476K, reserved 1179648K
  class space    used 17828K, capacity 19311K, committed 19404K, reserved 1048576K
}
Event: 183.498 GC heap after
{Heap after GC invocations=91 (full 0):
 garbage-first heap   total 445440K, used 227328K [0x0000000080000000, 0x0000000100000000)
  region size 1024K, 3 young (3072K), 3 survivors (3072K)
 Metaspace       used 146283K, capacity 150120K, committed 150476K, reserved 1179648K
  class space    used 17828K, capacity 19311K, committed 19404K, reserved 1048576K
}
Event: 183.565 GC heap before
{Heap before GC invocations=91 (full 0):
 garbage-first heap   total 445440K, used 237568K [0x0000000080000000, 0x0000000100000000)
  region size 1024K, 14 young (14336K), 3 survivors (3072K)
 Metaspace       used 146283K, capacity 150120K, committed 150476K, reserved 1179648K
  class space    used 17828K, capacity 19311K, committed 19404K, reserved 1048576K
}
Event: 183.587 GC heap after
{Heap after GC invocations=92 (full 0):
 garbage-first heap   total 445440K, used 233472K [0x0000000080000000, 0x0000000100000000)
  region size 1024K, 3 young (3072K), 3 survivors (3072K)
 Metaspace       used 146283K, capacity 150120K, committed 150476K, reserved 1179648K
  class space    used 17828K, capacity 19311K, committed 19404K, reserved 1048576K
}
Event: 183.698 GC heap before
{Heap before GC invocations=92 (full 0):
 garbage-first heap   total 445440K, used 253952K [0x0000000080000000, 0x0000000100000000)
  region size 1024K, 21 young (21504K), 3 survivors (3072K)
 Metaspace       used 146283K, capacity 150120K, committed 150476K, reserved 1179648K
  class space    used 17828K, capacity 19311K, committed 19404K, reserved 1048576K
}
Event: 183.720 GC heap after
{Heap after GC invocations=93 (full 0):
 garbage-first heap   total 445440K, used 246209K [0x0000000080000000, 0x0000000100000000)
  region size 1024K, 3 young (3072K), 3 survivors (3072K)
 Metaspace       used 146283K, capacity 150120K, committed 150476K, reserved 1179648K
  class space    used 17828K, capacity 19311K, committed 19404K, reserved 1048576K
}
Event: 183.884 GC heap before
{Heap before GC invocations=93 (full 0):
 garbage-first heap   total 445440K, used 264641K [0x0000000080000000, 0x0000000100000000)
  region size 1024K, 21 young (21504K), 3 survivors (3072K)
 Metaspace       used 146286K, capacity 150121K, committed 150476K, reserved 1179648K
  class space    used 17828K, capacity 19311K, committed 19404K, reserved 1048576K
}
Event: 183.914 GC heap after
{Heap after GC invocations=94 (full 0):
 garbage-first heap   total 445440K, used 253399K [0x0000000080000000, 0x0000000100000000)
  region size 1024K, 3 young (3072K), 3 survivors (3072K)
 Metaspace       used 146286K, capacity 150121K, committed 150476K, reserved 1179648K
  class space    used 17828K, capacity 19311K, committed 19404K, reserved 1048576K
}

